$MCD.PA: possibly delisted; no price data found  (1d 2023-03-08 -> 2026-03-07)
HTTP Error 404: {"quoteSummary":{"result":null,"error":{"code":"Not Found","description":"Quote not found for symbol: FLTR.I"}}}
$FLTR.I: possibly delisted; no timezone found
HTTP Error 404: {"quoteSummary":{"result":null,"error":{"code":"Not Found","description":"Quote not found for symbol: PRG.AS"}}}
$CRG.I: possibly delisted; no price data found  (1d 2023-03-08 -> 2026-03-07)
$PRG.AS: possibly delisted; no timezone found
$DPW.DE: possibly delisted; no timezone found

5 Failed downloads:
['MCD.PA', 'CRG.I']: possibly delisted; no price data found  (1d 2023-03-08 -> 2026-03-07)
['FLTR.I', 'PRG.AS', 'DPW.DE']: possibly delisted; no timezone found
Running Daily Tail Risk Monitor for 2026-03-07...

Evaluating: US (S&P 500)
Loaded optimized parameters for ^GSPC: {'KJ_Lambda': {'window': 90, 'quantile': 0.1, 'last_updated': '2026-03-07'}, 'KL_MEES': {'window': 30, 'n_pca': 4, 'alpha': 0.1, 'last_updated': '2026-03-07'}}
Downloading data for 44 stocks and market proxy ^GSPC...
Computing daily rolling KJ Lambda (trailing window)...
  -> KJ Lambda: 0.4283 (Percentile: 19.82%) - Normal
Computing daily rolling KL MEES...
  -> KL MEES: 0.0234 (Percentile: 97.08%) - High

Evaluating: China (CSI 300)
Loaded optimized parameters for 000300.SS: {'KJ_Lambda': {'window': 30, 'quantile': 0.05, 'last_updated': '2026-03-07'}, 'KL_MEES': {'window': 30, 'n_pca': 4, 'alpha': 0.1, 'last_updated': '2026-03-07'}}
Downloading data for 40 stocks and market proxy 000300.SS...
Computing daily rolling KJ Lambda (trailing window)...
  -> KJ Lambda: 0.3766 (Percentile: 74.5%) - Normal
Computing daily rolling KL MEES...
  -> KL MEES: 0.0088 (Percentile: 71.49%) - Normal

Evaluating: Hong Kong (Hang Seng)
Loaded optimized parameters for ^HSI: {'KJ_Lambda': {'window': 90, 'quantile': 0.05, 'last_updated': '2026-03-07'}, 'KL_MEES': {'window': 30, 'n_pca': 4, 'alpha': 0.1, 'last_updated': '2026-03-07'}}
Downloading data for 40 stocks and market proxy ^HSI...
Computing daily rolling KJ Lambda (trailing window)...
  -> KJ Lambda: 0.3133 (Percentile: 0.31%) - Normal
Computing daily rolling KL MEES...
  -> KL MEES: 0.0047 (Percentile: 9.97%) - Normal

Evaluating: Taiwan (TAIEX)
Loaded optimized parameters for ^TWII: {'KJ_Lambda': {'window': 90, 'quantile': 0.05, 'last_updated': '2026-03-07'}, 'KL_MEES': {'window': 30, 'n_pca': 4, 'alpha': 0.1, 'last_updated': '2026-03-07'}}
Downloading data for 40 stocks and market proxy ^TWII...
Computing daily rolling KJ Lambda (trailing window)...
  -> KJ Lambda: 0.3892 (Percentile: 68.5%) - Normal
Computing daily rolling KL MEES...
  -> KL MEES: 0.0097 (Percentile: 77.86%) - Normal

Evaluating: Japan (Nikkei 225)
Loaded optimized parameters for ^N225: {'KJ_Lambda': {'window': 60, 'quantile': 0.1, 'last_updated': '2026-03-07'}, 'KL_MEES': {'window': 30, 'n_pca': 4, 'alpha': 0.1, 'last_updated': '2026-03-07'}}
Downloading data for 40 stocks and market proxy ^N225...
Computing daily rolling KJ Lambda (trailing window)...
  -> KJ Lambda: 0.3994 (Percentile: 19.79%) - Normal
Computing daily rolling KL MEES...
  -> KL MEES: 0.0185 (Percentile: 90.87%) - Elevated

Evaluating: Korea (KOSPI)
Loaded optimized parameters for ^KS11: {'KJ_Lambda': {'window': 90, 'quantile': 0.1, 'last_updated': '2026-03-07'}, 'KL_MEES': {'window': 30, 'n_pca': 4, 'alpha': 0.1, 'last_updated': '2026-03-07'}}
Downloading data for 40 stocks and market proxy ^KS11...
Computing daily rolling KJ Lambda (trailing window)...
  -> KJ Lambda: 0.3854 (Percentile: 28.68%) - Normal
Computing daily rolling KL MEES...
  -> KL MEES: 0.0969 (Percentile: 99.86%) - Extreme

Evaluating: Europe (Euro Stoxx 50)
Loaded optimized parameters for ^STOXX50E: {'KJ_Lambda': {'window': 30, 'quantile': 0.05, 'last_updated': '2026-03-07'}, 'KL_MEES': {'window': 30, 'n_pca': 4, 'alpha': 0.1, 'last_updated': '2026-03-07'}}
Downloading data for 40 stocks and market proxy ^STOXX50E...
Computing daily rolling KJ Lambda (trailing window)...
  -> KJ Lambda: 0.3314 (Percentile: 12.94%) - Normal
Computing daily rolling KL MEES...
  -> KL MEES: 0.0104 (Percentile: 85.11%) - Normal

==============================================
Daily monitoring complete.
Dashboard exported to: /Users/ryanhokh/Documents/GitHub/kjkl_tail_risk/daily_risk_summary.html
