$MCD.PA: possibly delisted; no price data found  (1d 2018-01-01 -> 2026-02-27)
$CRG.I: possibly delisted; no price data found  (1d 2018-01-01 -> 2026-02-27)
HTTP Error 404: {"quoteSummary":{"result":null,"error":{"code":"Not Found","description":"Quote not found for symbol: PRG.AS"}}}
$DPW.DE: possibly delisted; no timezone found
HTTP Error 404: {"quoteSummary":{"result":null,"error":{"code":"Not Found","description":"Quote not found for symbol: FLTR.I"}}}
$PRG.AS: possibly delisted; no timezone found
$FLTR.I: possibly delisted; no timezone found

5 Failed downloads:
['MCD.PA', 'CRG.I']: possibly delisted; no price data found  (1d 2018-01-01 -> 2026-02-27)
['DPW.DE', 'PRG.AS', 'FLTR.I']: possibly delisted; no timezone found
$MCD.PA: possibly delisted; no price data found  (1d 2018-01-01 -> 2026-02-27)
$CRG.I: possibly delisted; no price data found  (1d 2018-01-01 -> 2026-02-27)
$PRG.AS: possibly delisted; no timezone found
$FLTR.I: possibly delisted; no timezone found
$DPW.DE: possibly delisted; no timezone found

5 Failed downloads:
['MCD.PA', 'CRG.I']: possibly delisted; no price data found  (1d 2018-01-01 -> 2026-02-27)
['PRG.AS', 'FLTR.I', 'DPW.DE']: possibly delisted; no timezone found

==========================================================
Processing Market: US (S&P 500) (^GSPC)
==========================================================

--- Phase 1: Optimization for ^GSPC ---
Downloading data for 44 stocks and market proxy ^GSPC...

--- Optimizing Kelly-Jiang (KJ) Measure ---
Testing KJ params: window=30, quantile=0.05...
Computing daily rolling KJ Lambda (trailing window)...
  -> Score: 4.69
Testing KJ params: window=30, quantile=0.1...
Computing daily rolling KJ Lambda (trailing window)...
  -> Score: 5.47
Testing KJ params: window=60, quantile=0.05...
Computing daily rolling KJ Lambda (trailing window)...
  -> Score: 7.96
Testing KJ params: window=60, quantile=0.1...
Computing daily rolling KJ Lambda (trailing window)...
  -> Score: 5.31
Testing KJ params: window=90, quantile=0.05...
Computing daily rolling KJ Lambda (trailing window)...
  -> Score: 2.83
Testing KJ params: window=90, quantile=0.1...
Computing daily rolling KJ Lambda (trailing window)...
  -> Score: 8.73

Best KJ Params: {'window': 90, 'quantile': 0.1, 'score': np.float64(8.7269)} (Score: 8.73)

--- Optimizing KL MEES Measure ---
Testing KL params: window=30, n_pca=4, alpha=0.1...
Computing daily rolling KL MEES...
  -> Score: 13.88

Best KL Params: {'window': 30, 'n_pca': 4, 'alpha': 0.1, 'score': np.float64(13.881499999999999)} (Score: 13.88)

Saved optimized parameters to optimized_params.json

--- Phase 2: Backtesting for ^GSPC ---
Loaded optimized parameters for ^GSPC: {'KJ_Lambda': {'window': 90, 'quantile': 0.1, 'last_updated': '2026-03-07'}, 'KL_MEES': {'window': 30, 'n_pca': 4, 'alpha': 0.1, 'last_updated': '2026-03-07'}}
Downloading data for 44 stocks and market proxy ^GSPC...
Computing daily rolling KJ Lambda (trailing window)...
Computing daily rolling KL MEES...
Generated 1922 days of overlapping signals.

Saved visualization to 'export_img/daily_tail_risk_GSPC.png'.

==========================================================
Processing Market: China (CSI 300) (000300.SS)
==========================================================

--- Phase 1: Optimization for 000300.SS ---
Downloading data for 40 stocks and market proxy 000300.SS...

--- Optimizing Kelly-Jiang (KJ) Measure ---
Testing KJ params: window=30, quantile=0.05...
Computing daily rolling KJ Lambda (trailing window)...
  -> Score: 14.12
Testing KJ params: window=30, quantile=0.1...
Computing daily rolling KJ Lambda (trailing window)...
  -> Score: 10.43
Testing KJ params: window=60, quantile=0.05...
Computing daily rolling KJ Lambda (trailing window)...
  -> Score: 1.96
Testing KJ params: window=60, quantile=0.1...
Computing daily rolling KJ Lambda (trailing window)...
  -> Score: 6.05
Testing KJ params: window=90, quantile=0.05...
Computing daily rolling KJ Lambda (trailing window)...
  -> Score: 2.03
Testing KJ params: window=90, quantile=0.1...
Computing daily rolling KJ Lambda (trailing window)...
  -> Score: 7.71

Best KJ Params: {'window': 30, 'quantile': 0.05, 'score': np.float64(14.1166)} (Score: 14.12)

--- Optimizing KL MEES Measure ---
Testing KL params: window=30, n_pca=4, alpha=0.1...
Computing daily rolling KL MEES...
  -> Score: 21.09

Best KL Params: {'window': 30, 'n_pca': 4, 'alpha': 0.1, 'score': np.float64(21.0932)} (Score: 21.09)

Saved optimized parameters to optimized_params.json

--- Phase 2: Backtesting for 000300.SS ---
Loaded optimized parameters for 000300.SS: {'KJ_Lambda': {'window': 30, 'quantile': 0.05, 'last_updated': '2026-03-07'}, 'KL_MEES': {'window': 30, 'n_pca': 4, 'alpha': 0.1, 'last_updated': '2026-03-07'}}
Downloading data for 40 stocks and market proxy 000300.SS...
Computing daily rolling KJ Lambda (trailing window)...
Computing daily rolling KL MEES...
Generated 1167 days of overlapping signals.

Saved visualization to 'export_img/daily_tail_risk_000300.SS.png'.

==========================================================
Processing Market: Hong Kong (Hang Seng) (^HSI)
==========================================================

--- Phase 1: Optimization for ^HSI ---
Downloading data for 40 stocks and market proxy ^HSI...

--- Optimizing Kelly-Jiang (KJ) Measure ---
Testing KJ params: window=30, quantile=0.05...
Computing daily rolling KJ Lambda (trailing window)...
  -> Score: 6.87
Testing KJ params: window=30, quantile=0.1...
Computing daily rolling KJ Lambda (trailing window)...
  -> Score: 4.27
Testing KJ params: window=60, quantile=0.05...
Computing daily rolling KJ Lambda (trailing window)...
  -> Score: 10.16
Testing KJ params: window=60, quantile=0.1...
Computing daily rolling KJ Lambda (trailing window)...
  -> Score: 5.77
Testing KJ params: window=90, quantile=0.05...
Computing daily rolling KJ Lambda (trailing window)...
  -> Score: 12.06
Testing KJ params: window=90, quantile=0.1...
Computing daily rolling KJ Lambda (trailing window)...
  -> Score: 5.65

Best KJ Params: {'window': 90, 'quantile': 0.05, 'score': np.float64(12.063400000000001)} (Score: 12.06)

--- Optimizing KL MEES Measure ---
Testing KL params: window=30, n_pca=4, alpha=0.1...
Computing daily rolling KL MEES...
  -> Score: 23.15

Best KL Params: {'window': 30, 'n_pca': 4, 'alpha': 0.1, 'score': np.float64(23.150999999999996)} (Score: 23.15)

Saved optimized parameters to optimized_params.json

--- Phase 2: Backtesting for ^HSI ---
Loaded optimized parameters for ^HSI: {'KJ_Lambda': {'window': 90, 'quantile': 0.05, 'last_updated': '2026-03-07'}, 'KL_MEES': {'window': 30, 'n_pca': 4, 'alpha': 0.1, 'last_updated': '2026-03-07'}}
Downloading data for 40 stocks and market proxy ^HSI...
Computing daily rolling KJ Lambda (trailing window)...
Computing daily rolling KL MEES...
Generated 1906 days of overlapping signals.

Saved visualization to 'export_img/daily_tail_risk_HSI.png'.

==========================================================
Processing Market: Taiwan (TAIEX) (^TWII)
==========================================================

--- Phase 1: Optimization for ^TWII ---
Downloading data for 40 stocks and market proxy ^TWII...

--- Optimizing Kelly-Jiang (KJ) Measure ---
Testing KJ params: window=30, quantile=0.05...
Computing daily rolling KJ Lambda (trailing window)...
  -> Score: 6.67
Testing KJ params: window=30, quantile=0.1...
Computing daily rolling KJ Lambda (trailing window)...
  -> Score: 5.76
Testing KJ params: window=60, quantile=0.05...
Computing daily rolling KJ Lambda (trailing window)...
  -> Score: 6.54
Testing KJ params: window=60, quantile=0.1...
Computing daily rolling KJ Lambda (trailing window)...
  -> Score: 5.13
Testing KJ params: window=90, quantile=0.05...
Computing daily rolling KJ Lambda (trailing window)...
  -> Score: 9.08
Testing KJ params: window=90, quantile=0.1...
Computing daily rolling KJ Lambda (trailing window)...
  -> Score: 6.73

Best KJ Params: {'window': 90, 'quantile': 0.05, 'score': np.float64(9.081199999999999)} (Score: 9.08)

--- Optimizing KL MEES Measure ---
Testing KL params: window=30, n_pca=4, alpha=0.1...
Computing daily rolling KL MEES...
  -> Score: 15.04

Best KL Params: {'window': 30, 'n_pca': 4, 'alpha': 0.1, 'score': np.float64(15.035599999999999)} (Score: 15.04)

Saved optimized parameters to optimized_params.json

--- Phase 2: Backtesting for ^TWII ---
Loaded optimized parameters for ^TWII: {'KJ_Lambda': {'window': 90, 'quantile': 0.05, 'last_updated': '2026-03-07'}, 'KL_MEES': {'window': 30, 'n_pca': 4, 'alpha': 0.1, 'last_updated': '2026-03-07'}}
Downloading data for 40 stocks and market proxy ^TWII...
Computing daily rolling KJ Lambda (trailing window)...
Computing daily rolling KL MEES...
Generated 1870 days of overlapping signals.

Saved visualization to 'export_img/daily_tail_risk_TWII.png'.

==========================================================
Processing Market: Japan (Nikkei 225) (^N225)
==========================================================

--- Phase 1: Optimization for ^N225 ---
Downloading data for 40 stocks and market proxy ^N225...

--- Optimizing Kelly-Jiang (KJ) Measure ---
Testing KJ params: window=30, quantile=0.05...
Computing daily rolling KJ Lambda (trailing window)...
  -> Score: 2.34
Testing KJ params: window=30, quantile=0.1...
Computing daily rolling KJ Lambda (trailing window)...
  -> Score: 4.35
Testing KJ params: window=60, quantile=0.05...
Computing daily rolling KJ Lambda (trailing window)...
  -> Score: 9.94
Testing KJ params: window=60, quantile=0.1...
Computing daily rolling KJ Lambda (trailing window)...
  -> Score: 10.21
Testing KJ params: window=90, quantile=0.05...
Computing daily rolling KJ Lambda (trailing window)...
  -> Score: 7.84
Testing KJ params: window=90, quantile=0.1...
Computing daily rolling KJ Lambda (trailing window)...
  -> Score: 7.41

Best KJ Params: {'window': 60, 'quantile': 0.1, 'score': np.float64(10.208399999999997)} (Score: 10.21)

--- Optimizing KL MEES Measure ---
Testing KL params: window=30, n_pca=4, alpha=0.1...
Computing daily rolling KL MEES...
  -> Score: 26.05

Best KL Params: {'window': 30, 'n_pca': 4, 'alpha': 0.1, 'score': np.float64(26.0457)} (Score: 26.05)

Saved optimized parameters to optimized_params.json

--- Phase 2: Backtesting for ^N225 ---
Loaded optimized parameters for ^N225: {'KJ_Lambda': {'window': 60, 'quantile': 0.1, 'last_updated': '2026-03-07'}, 'KL_MEES': {'window': 30, 'n_pca': 4, 'alpha': 0.1, 'last_updated': '2026-03-07'}}
Downloading data for 40 stocks and market proxy ^N225...
Computing daily rolling KJ Lambda (trailing window)...
Computing daily rolling KL MEES...
Generated 1918 days of overlapping signals.

Saved visualization to 'export_img/daily_tail_risk_N225.png'.

==========================================================
Processing Market: Korea (KOSPI) (^KS11)
==========================================================

--- Phase 1: Optimization for ^KS11 ---
Downloading data for 40 stocks and market proxy ^KS11...

--- Optimizing Kelly-Jiang (KJ) Measure ---
Testing KJ params: window=30, quantile=0.05...
Computing daily rolling KJ Lambda (trailing window)...
  -> Score: 5.20
Testing KJ params: window=30, quantile=0.1...
Computing daily rolling KJ Lambda (trailing window)...
  -> Score: 6.14
Testing KJ params: window=60, quantile=0.05...
Computing daily rolling KJ Lambda (trailing window)...
  -> Score: 6.85
Testing KJ params: window=60, quantile=0.1...
Computing daily rolling KJ Lambda (trailing window)...
  -> Score: 3.08
Testing KJ params: window=90, quantile=0.05...
Computing daily rolling KJ Lambda (trailing window)...
  -> Score: 6.52
Testing KJ params: window=90, quantile=0.1...
Computing daily rolling KJ Lambda (trailing window)...
  -> Score: 8.62

Best KJ Params: {'window': 90, 'quantile': 0.1, 'score': np.float64(8.622300000000001)} (Score: 8.62)

--- Optimizing KL MEES Measure ---
Testing KL params: window=30, n_pca=4, alpha=0.1...
Computing daily rolling KL MEES...
  -> Score: 20.18

Best KL Params: {'window': 30, 'n_pca': 4, 'alpha': 0.1, 'score': np.float64(20.1777)} (Score: 20.18)

Saved optimized parameters to optimized_params.json

--- Phase 2: Backtesting for ^KS11 ---
Loaded optimized parameters for ^KS11: {'KJ_Lambda': {'window': 90, 'quantile': 0.1, 'last_updated': '2026-03-07'}, 'KL_MEES': {'window': 30, 'n_pca': 4, 'alpha': 0.1, 'last_updated': '2026-03-07'}}
Downloading data for 40 stocks and market proxy ^KS11...
Computing daily rolling KJ Lambda (trailing window)...
Computing daily rolling KL MEES...
Generated 1895 days of overlapping signals.

Saved visualization to 'export_img/daily_tail_risk_KS11.png'.

==========================================================
Processing Market: Europe (Euro Stoxx 50) (^STOXX50E)
==========================================================

--- Phase 1: Optimization for ^STOXX50E ---
Downloading data for 40 stocks and market proxy ^STOXX50E...

--- Optimizing Kelly-Jiang (KJ) Measure ---
Testing KJ params: window=30, quantile=0.05...
Computing daily rolling KJ Lambda (trailing window)...
  -> Score: 11.09
Testing KJ params: window=30, quantile=0.1...
Computing daily rolling KJ Lambda (trailing window)...
  -> Score: 4.36
Testing KJ params: window=60, quantile=0.05...
Computing daily rolling KJ Lambda (trailing window)...
  -> Score: 7.71
Testing KJ params: window=60, quantile=0.1...
Computing daily rolling KJ Lambda (trailing window)...
  -> Score: 4.24
Testing KJ params: window=90, quantile=0.05...
Computing daily rolling KJ Lambda (trailing window)...
  -> Score: 7.46
Testing KJ params: window=90, quantile=0.1...
Computing daily rolling KJ Lambda (trailing window)...
  -> Score: 4.92

Best KJ Params: {'window': 30, 'quantile': 0.05, 'score': np.float64(11.0906)} (Score: 11.09)

--- Optimizing KL MEES Measure ---
Testing KL params: window=30, n_pca=4, alpha=0.1...
Computing daily rolling KL MEES...
  -> Score: 20.89

Best KL Params: {'window': 30, 'n_pca': 4, 'alpha': 0.1, 'score': np.float64(20.8946)} (Score: 20.89)

Saved optimized parameters to optimized_params.json

--- Phase 2: Backtesting for ^STOXX50E ---
Loaded optimized parameters for ^STOXX50E: {'KJ_Lambda': {'window': 30, 'quantile': 0.05, 'last_updated': '2026-03-07'}, 'KL_MEES': {'window': 30, 'n_pca': 4, 'alpha': 0.1, 'last_updated': '2026-03-07'}}
Downloading data for 40 stocks and market proxy ^STOXX50E...
Computing daily rolling KJ Lambda (trailing window)...
Computing daily rolling KL MEES...
Generated 2039 days of overlapping signals.

Saved visualization to 'export_img/daily_tail_risk_STOXX50E.png'.

Successfully generated markdown report: /Users/ryanhokh/Documents/GitHub/kjkl_tail_risk/multi_market_report.md
Successfully generated HTML report: /Users/ryanhokh/Documents/GitHub/kjkl_tail_risk/multi_market_report.html
